[0m[[0m[0mdebug[0m] [0m[0m> Exec(reload, None, None)[0m
[0m[[0m[0mdebug[0m] [0m[0m> Exec(sbtStashOnFailure, None, None)[0m
[0m[[0m[0mdebug[0m] [0m[0m> Exec(onFailure loadFailed, None, None)[0m
[0m[[0m[0mdebug[0m] [0m[0m> Exec(loadp, None, None)[0m
[0m[[0m[0minfo[0m] [0m[0mwelcome to sbt 1.4.3 (Amazon.com Inc. Java 1.8.0_282)[0m
[0m[[0m[0mdebug[0m] [0m[0m                  Load.loadUnit: plugins took 12.359326ms[0m
[0m[[0m[0mdebug[0m] [0m[0m                  Load.loadUnit: defsScala took 0.0043ms[0m
[0m[[0m[0mdebug[0m] [0m[0m[Loading] Scanning directory /home/dalton/.sbt/1.0/plugins[0m
[0m[[0m[0mdebug[0m] [0m[0m[Loading] Found non-root projects [0m
[0m[[0m[0mdebug[0m] [0m[0m[Loading] Done in /home/dalton/.sbt/1.0/plugins, returning: ()[0m
[0m[[0m[0mdebug[0m] [0m[0mdeducing auto plugins based on known facts Set(Atom(sbt.plugins.CorePlugin)) and clauses Clauses(List(Clause(Atom(sbt.plugins.JvmPlugin),Set(Atom(sbt.plugins.IvyPlugin))), Clause(Atom(sbt.ScriptedPlugin),Set(Atom(sbt.plugins.JvmPlugin))), Clause(Atom(sbt.plugins.SbtPlugin),Set(Atom(sbt.ScriptedPlugin))), Clause(Atom(sbt.plugins.SemanticdbPlugin),Set(Atom(sbt.plugins.JvmPlugin))), Clause(Atom(sbt.plugins.JUnitXmlReportPlugin),Set(Atom(sbt.plugins.JvmPlugin))), Clause(Atom(sbt.plugins.MiniDependencyTreePlugin),Set(Atom(sbt.plugins.JvmPlugin))), Clause(Atom(sbt.plugins.CorePlugin),Set(Atom(sbt.plugins.IvyPlugin))), Clause(Atom(sbt.plugins.IvyPlugin),Set(Atom(sbt.plugins.JvmPlugin))), Clause(Atom(sbt.plugins.JvmPlugin),Set(Atom(sbt.plugins.SemanticdbPlugin))), Clause(Atom(sbt.plugins.JvmPlugin),Set(Atom(sbt.plugins.JUnitXmlReportPlugin))), Clause(Atom(sbt.plugins.CorePlugin),Set(Atom(sbt.plugins.Giter8TemplatePlugin))), Clause(Atom(sbt.plugins.JvmPlugin),Set(Atom(sbt.plugins.MiniDependencyTreePlugin)))))[0m
[0m[[0m[0mdebug[0m] [0m[0m  :: deduced result: Matched(sbt.plugins.CorePlugin,sbt.plugins.Giter8TemplatePlugin,sbt.plugins.IvyPlugin,sbt.plugins.JvmPlugin,sbt.plugins.MiniDependencyTreePlugin,sbt.plugins.JUnitXmlReportPlugin,sbt.plugins.SemanticdbPlugin)[0m
[0m[[0m[0mdebug[0m] [0m[0mPlugins.deducer#function took 1.730663 ms[0m
[0m[[0m[0mdebug[0m] [0m[0m                      Load.resolveProject(global-plugins) took 1.074278ms[0m
[0m[[0m[0mdebug[0m] [0m[0m                    Load.loadTransitive: finalizeProject(Project(id global-plugins, base: /home/dalton/.sbt/1.0/plugins, plugins: List(<none>))) took 3.307611ms[0m
[0m[[0m[0mdebug[0m] [0m[0m[Loading] Done in /home/dalton/.sbt/1.0/plugins, returning: (global-plugins)[0m
[0m[[0m[0mdebug[0m] [0m[0m                  Load.loadUnit: loadedProjectsRaw took 4.296936ms[0m
[0m[[0m[0mdebug[0m] [0m[0m                  Load.loadUnit: cleanEvalClasses took 0.010053ms[0m
[0m[[0m[0mdebug[0m] [0m[0m                Load.loadUnit(file:/home/dalton/.sbt/1.0/plugins/, ...) took 17.21547ms[0m
[0m[[0m[0mdebug[0m] [0m[0m              Load.apply: load took 18.118785ms[0m
[0m[[0m[0mdebug[0m] [0m[0m              Load.apply: resolveProjects took 0.111548ms[0m
[0m[[0m[0mdebug[0m] [0m[0m              Load.apply: finalTransforms took 7.156554ms[0m
[0m[[0m[0mdebug[0m] [0m[0m              Load.apply: config.delegates took 0.420249ms[0m
[0m[[0m[0mdebug[0m] [0m[0m              Load.apply: Def.make(settings)... took 45.936144ms[0m
[0m[[0m[0mdebug[0m] [0m[0m              Load.apply: structureIndex took 22.400492ms[0m
[0m[[0m[0mdebug[0m] [0m[0m              Load.apply: mkStreams took 0.002738ms[0m
[0m[[0m[0minfo[0m] [0m[0mloading global plugins from /home/dalton/.sbt/1.0/plugins[0m
[0m[[0m[0mdebug[0m] [0m[0mRunning task... Cancel: Signal, check cycles: false, forcegc: true[0m
[0m[[0m[0mdebug[0m] [0m[0m            Load.defaultLoad until apply took 221.279651ms[0m
[0m[[0m[0mdebug[0m] [0m[0m                      Load.loadUnit: plugins took 9.847869ms[0m
[0m[[0m[0mdebug[0m] [0m[0m                      Load.loadUnit: defsScala took 0.002905ms[0m
[0m[[0m[0mdebug[0m] [0m[0m[Loading] Scanning directory /home/dalton/workspace/functional_programming_in_scala/functional_programming_principals_in_scala/week1/recfun/project[0m
[0m[[0m[0mdebug[0m] [0m[0m                        Load.loadUnit: mkEval took 0.153787ms[0m
[0m[[0m[0mdebug[0m] [0m[0m[Loading] Found non-root projects [0m
[0m[[0m[0mdebug[0m] [0m[0m[Loading] Done in /home/dalton/workspace/functional_programming_in_scala/functional_programming_principals_in_scala/week1/recfun/project, returning: ()[0m
[0m[[0m[0mdebug[0m] [0m[0mdeducing auto plugins based on known facts Set(Atom(sbt.plugins.CorePlugin)) and clauses Clauses(List(Clause(Atom(sbt.plugins.JvmPlugin),Set(Atom(sbt.plugins.IvyPlugin))), Clause(Atom(sbt.ScriptedPlugin),Set(Atom(sbt.plugins.JvmPlugin))), Clause(Atom(sbt.plugins.SbtPlugin),Set(Atom(sbt.ScriptedPlugin))), Clause(Atom(sbt.plugins.SemanticdbPlugin),Set(Atom(sbt.plugins.JvmPlugin))), Clause(Atom(sbt.plugins.JUnitXmlReportPlugin),Set(Atom(sbt.plugins.JvmPlugin))), Clause(Atom(sbt.plugins.MiniDependencyTreePlugin),Set(Atom(sbt.plugins.JvmPlugin))), Clause(Atom(sbt.plugins.CorePlugin),Set(Atom(sbt.plugins.IvyPlugin))), Clause(Atom(sbt.plugins.IvyPlugin),Set(Atom(sbt.plugins.JvmPlugin))), Clause(Atom(sbt.plugins.JvmPlugin),Set(Atom(sbt.plugins.SemanticdbPlugin))), Clause(Atom(sbt.plugins.JvmPlugin),Set(Atom(sbt.plugins.JUnitXmlReportPlugin))), Clause(Atom(sbt.plugins.CorePlugin),Set(Atom(sbt.plugins.Giter8TemplatePlugin))), Clause(Atom(sbt.plugins.JvmPlugin),Set(Atom(sbt.plugins.MiniDependencyTreePlugin)))))[0m
[0m[[0m[0mdebug[0m] [0m[0m  :: deduced result: Matched(sbt.plugins.CorePlugin,sbt.plugins.Giter8TemplatePlugin,sbt.plugins.IvyPlugin,sbt.plugins.JvmPlugin,sbt.plugins.MiniDependencyTreePlugin,sbt.plugins.JUnitXmlReportPlugin,sbt.plugins.SemanticdbPlugin)[0m
[0m[[0m[0mdebug[0m] [0m[0mPlugins.deducer#function took 1.48149 ms[0m
[0m[[0m[0minfo[0m] [0m[0mloading settings for project recfun-build from buildSettings.sbt,plugins.sbt,idea9.sbt ...[0m
[0m[[0m[0mdebug[0m] [0m[0m                          Load.resolveProject(recfun-build) took 1.615332ms[0m
[0m[[0m[0mdebug[0m] [0m[0m                        Load.loadTransitive: finalizeProject(Project(id recfun-build, base: /home/dalton/workspace/functional_programming_in_scala/functional_programming_principals_in_scala/week1/recfun/project, plugins: List(<none>))) took 3.474836ms[0m
[0m[[0m[0mdebug[0m] [0m[0m[Loading] Done in /home/dalton/workspace/functional_programming_in_scala/functional_programming_principals_in_scala/week1/recfun/project, returning: (recfun-build)[0m
[0m[[0m[0mdebug[0m] [0m[0m                      Load.loadUnit: loadedProjectsRaw took 36.963179ms[0m
[0m[[0m[0mdebug[0m] [0m[0m                      Load.loadUnit: cleanEvalClasses took 0.964918ms[0m
[0m[[0m[0mdebug[0m] [0m[0m                    Load.loadUnit(file:/home/dalton/workspace/functional_programming_in_scala/functional_programming_principals_in_scala/week1/recfun/project/, ...) took 48.196626ms[0m
[0m[[0m[0mdebug[0m] [0m[0m                  Load.apply: load took 48.878817ms[0m
[0m[[0m[0mdebug[0m] [0m[0m                  Load.apply: resolveProjects took 0.084944ms[0m
[0m[[0m[0mdebug[0m] [0m[0m                  Load.apply: finalTransforms took 8.222481ms[0m
[0m[[0m[0mdebug[0m] [0m[0m                  Load.apply: config.delegates took 0.394716ms[0m
[0m[[0m[0mdebug[0m] [0m[0m                  Load.apply: Def.make(settings)... took 51.918885ms[0m
[0m[[0m[0mdebug[0m] [0m[0m                  Load.apply: structureIndex took 17.984561ms[0m
[0m[[0m[0mdebug[0m] [0m[0m                  Load.apply: mkStreams took 0.002431ms[0m
[0m[[0m[0minfo[0m] [0m[0mloading project definition from /home/dalton/workspace/functional_programming_in_scala/functional_programming_principals_in_scala/week1/recfun/project[0m
[0m[[0m[0mdebug[0m] [0m[0mRunning task... Cancel: Signal, check cycles: false, forcegc: true[0m
[0m[[0m[0minfo[0m] [0m[0mcompiling 2 Scala sources to /home/dalton/workspace/functional_programming_in_scala/functional_programming_principals_in_scala/week1/recfun/project/target/scala-2.12/sbt-1.0/classes ...[0m
[0m[[0m[31merror[0m] [0m[0m/home/dalton/workspace/functional_programming_in_scala/functional_programming_principals_in_scala/week1/recfun/project/StudentTasks.scala:138:11: object tools is not a member of package scala[0m
[0m[[0m[31merror[0m] [0m[0m    scala.tools.nsc.io.File(path).writeAll(base64Jar)[0m
[0m[[0m[31merror[0m] [0m[0m          ^[0m
[0m[[0m[31merror[0m] [0m[0mone error found[0m
[0m[[0m[31merror[0m] [0m[0m(Compile / [31mcompileIncremental[0m) Compilation failed[0m
[0m[[0m[0mdebug[0m] [0m[0m> Exec(loadFailed, None, None)[0m
[0m[[0m[33mwarn[0m] [0m[0mProject loading failed: (r)etry, (q)uit, (l)ast, or (i)gnore? (default: r)[0m
